[11-Jan-2024 16:27:16 America/Guayaquil] Iniciando Aplicacion WEB
[11-Jan-2024 16:27:16 America/Guayaquil] Iniciando Aplicacion WEB
[11-Jan-2024 16:27:16 America/Guayaquil] Iniciando Aplicacion WEB
[11-Jan-2024 16:27:20 America/Guayaquil] Iniciando Aplicacion WEB
[11-Jan-2024 16:27:23 America/Guayaquil] Iniciando Aplicacion WEB
[11-Jan-2024 16:33:56 America/Guayaquil] Iniciando Aplicacion WEB
[12-Jan-2024 14:59:43 America/Guayaquil] Iniciando Aplicacion WEB
[12-Jan-2024 14:59:43 America/Guayaquil] PHP Deprecated:  Non-static method Conectar::ruta() should not be called statically in C:\xampp\htdocs\GUARANDAHD\view\Reportes\reporteporfecha.php on line 102
[12-Jan-2024 14:59:43 America/Guayaquil] Iniciando Aplicacion WEB
[12-Jan-2024 14:59:46 America/Guayaquil] Iniciando Aplicacion WEB
[12-Jan-2024 14:59:46 America/Guayaquil] Iniciando Aplicacion WEB
[12-Jan-2024 14:59:46 America/Guayaquil] Iniciando Aplicacion WEB
[12-Jan-2024 14:59:46 America/Guayaquil] Iniciando Aplicacion WEB
[12-Jan-2024 14:59:46 America/Guayaquil] Iniciando Aplicacion WEB
[12-Jan-2024 14:59:46 America/Guayaquil] Iniciando Aplicacion WEB
[12-Jan-2024 14:59:48 America/Guayaquil] Iniciando Aplicacion WEB
[12-Jan-2024 14:59:48 America/Guayaquil] Iniciando Aplicacion WEB
[12-Jan-2024 14:59:48 America/Guayaquil] Iniciando Aplicacion WEB
[12-Jan-2024 14:59:50 America/Guayaquil] Iniciando Aplicacion WEB
[12-Jan-2024 15:00:13 America/Guayaquil] Iniciando Aplicacion WEB
[12-Jan-2024 15:00:13 America/Guayaquil] Iniciando Aplicacion WEB
[12-Jan-2024 15:00:13 America/Guayaquil] Iniciando Aplicacion WEB
[12-Jan-2024 15:00:14 America/Guayaquil] Iniciando Aplicacion WEB
[12-Jan-2024 15:00:16 America/Guayaquil] Iniciando Aplicacion WEB
[12-Jan-2024 15:00:17 America/Guayaquil] Iniciando Aplicacion WEB
[12-Jan-2024 15:00:17 America/Guayaquil] Iniciando Aplicacion WEB
[12-Jan-2024 15:00:17 America/Guayaquil] Iniciando Aplicacion WEB
[12-Jan-2024 15:00:20 America/Guayaquil] Iniciando Aplicacion WEB
[12-Jan-2024 15:00:20 America/Guayaquil] PHP Deprecated:  Non-static method Conectar::ruta() should not be called statically in C:\xampp\htdocs\GUARANDAHD\view\Reportes\reporteporfecha.php on line 102
[12-Jan-2024 15:00:20 America/Guayaquil] Iniciando Aplicacion WEB
[12-Jan-2024 15:00:23 America/Guayaquil] Iniciando Aplicacion WEB
[12-Jan-2024 15:00:23 America/Guayaquil] Iniciando Aplicacion WEB
[12-Jan-2024 15:00:24 America/Guayaquil] Iniciando Aplicacion WEB
[12-Jan-2024 15:00:24 America/Guayaquil] Iniciando Aplicacion WEB
[12-Jan-2024 15:00:24 America/Guayaquil] Iniciando Aplicacion WEB
[12-Jan-2024 15:00:24 America/Guayaquil] Iniciando Aplicacion WEB
[12-Jan-2024 15:00:25 America/Guayaquil] Iniciando Aplicacion WEB
[12-Jan-2024 15:00:25 America/Guayaquil] Iniciando Aplicacion WEB
[12-Jan-2024 15:00:25 America/Guayaquil] Iniciando Aplicacion WEB
[12-Jan-2024 15:00:27 America/Guayaquil] Iniciando Aplicacion WEB
[12-Jan-2024 15:00:27 America/Guayaquil] Iniciando Aplicacion WEB
[12-Jan-2024 15:00:27 America/Guayaquil] Iniciando Aplicacion WEB
[12-Jan-2024 15:02:51 America/Guayaquil] Iniciando Aplicacion WEB
[12-Jan-2024 15:02:51 America/Guayaquil] Iniciando Aplicacion WEB
[12-Jan-2024 15:02:51 America/Guayaquil] Iniciando Aplicacion WEB
[12-Jan-2024 15:03:03 America/Guayaquil] Iniciando Aplicacion WEB
[12-Jan-2024 15:03:32 America/Guayaquil] Iniciando Aplicacion WEB
[12-Jan-2024 15:03:32 America/Guayaquil] Iniciando Aplicacion WEB
[12-Jan-2024 15:03:32 America/Guayaquil] Iniciando Aplicacion WEB
[12-Jan-2024 15:03:47 America/Guayaquil] Iniciando Aplicacion WEB
[12-Jan-2024 15:03:47 America/Guayaquil] Iniciando Aplicacion WEB
[12-Jan-2024 15:03:47 America/Guayaquil] Iniciando Aplicacion WEB
[12-Jan-2024 15:04:05 America/Guayaquil] Iniciando Aplicacion WEB
[12-Jan-2024 15:04:05 America/Guayaquil] Iniciando Aplicacion WEB
[12-Jan-2024 15:04:05 America/Guayaquil] Iniciando Aplicacion WEB
[12-Jan-2024 15:04:09 America/Guayaquil] Iniciando Aplicacion WEB
[12-Jan-2024 15:04:09 America/Guayaquil] Iniciando Aplicacion WEB
[12-Jan-2024 15:04:09 America/Guayaquil] Iniciando Aplicacion WEB
[12-Jan-2024 15:04:15 America/Guayaquil] Iniciando Aplicacion WEB
[12-Jan-2024 15:04:15 America/Guayaquil] PHP Deprecated:  Non-static method Conectar::ruta() should not be called statically in C:\xampp\htdocs\GUARANDAHD\view\Reportes\reporteporfecha.php on line 102
[12-Jan-2024 15:04:15 America/Guayaquil] Iniciando Aplicacion WEB
[12-Jan-2024 15:04:20 America/Guayaquil] Iniciando Aplicacion WEB
[12-Jan-2024 15:04:20 America/Guayaquil] Iniciando Aplicacion WEB
[12-Jan-2024 15:04:21 America/Guayaquil] Iniciando Aplicacion WEB
[12-Jan-2024 15:04:21 America/Guayaquil] Iniciando Aplicacion WEB
[12-Jan-2024 15:04:21 America/Guayaquil] Iniciando Aplicacion WEB
[12-Jan-2024 15:04:21 America/Guayaquil] Iniciando Aplicacion WEB
[12-Jan-2024 15:04:22 America/Guayaquil] Iniciando Aplicacion WEB
[12-Jan-2024 15:04:22 America/Guayaquil] Iniciando Aplicacion WEB
[12-Jan-2024 15:04:22 America/Guayaquil] Iniciando Aplicacion WEB
[12-Jan-2024 15:04:43 America/Guayaquil] Iniciando Aplicacion WEB
[12-Jan-2024 15:04:43 America/Guayaquil] Iniciando Aplicacion WEB
[12-Jan-2024 15:04:43 America/Guayaquil] Iniciando Aplicacion WEB
[12-Jan-2024 15:05:09 America/Guayaquil] Iniciando Aplicacion WEB
[12-Jan-2024 15:05:09 America/Guayaquil] Iniciando Aplicacion WEB
[12-Jan-2024 15:05:09 America/Guayaquil] Iniciando Aplicacion WEB
[12-Jan-2024 15:05:19 America/Guayaquil] Iniciando Aplicacion WEB
[12-Jan-2024 15:05:23 America/Guayaquil] Iniciando Aplicacion WEB
[12-Jan-2024 15:08:51 America/Guayaquil] Iniciando Aplicacion WEB
[12-Jan-2024 15:12:02 America/Guayaquil] Iniciando Aplicacion WEB
[12-Jan-2024 15:12:03 America/Guayaquil] Iniciando Aplicacion WEB
[12-Jan-2024 15:12:03 America/Guayaquil] Iniciando Aplicacion WEB
[12-Jan-2024 15:12:19 America/Guayaquil] Iniciando Aplicacion WEB
[12-Jan-2024 15:12:19 America/Guayaquil] 09-01-2024
[12-Jan-2024 15:13:16 America/Guayaquil] Iniciando Aplicacion WEB
[12-Jan-2024 15:13:16 America/Guayaquil] Iniciando Aplicacion WEB
[12-Jan-2024 15:13:16 America/Guayaquil] Iniciando Aplicacion WEB
[12-Jan-2024 15:13:22 America/Guayaquil] Iniciando Aplicacion WEB
[12-Jan-2024 15:13:22 America/Guayaquil] 01/12/2024
[12-Jan-2024 15:14:57 America/Guayaquil] Iniciando Aplicacion WEB
[12-Jan-2024 15:14:57 America/Guayaquil] Iniciando Aplicacion WEB
[12-Jan-2024 15:14:57 America/Guayaquil] Iniciando Aplicacion WEB
[12-Jan-2024 15:15:03 America/Guayaquil] Iniciando Aplicacion WEB
[12-Jan-2024 15:15:14 America/Guayaquil] Iniciando Aplicacion WEB
[12-Jan-2024 15:15:24 America/Guayaquil] Iniciando Aplicacion WEB
[12-Jan-2024 15:15:49 America/Guayaquil] Iniciando Aplicacion WEB
[12-Jan-2024 15:15:49 America/Guayaquil] Iniciando Aplicacion WEB
[12-Jan-2024 15:15:50 America/Guayaquil] Iniciando Aplicacion WEB
[12-Jan-2024 15:15:50 America/Guayaquil] Iniciando Aplicacion WEB
[12-Jan-2024 15:15:50 America/Guayaquil] PHP Notice:  Undefined variable: html in C:\xampp\htdocs\GUARANDAHD\controller\usuario.php on line 127
[12-Jan-2024 15:15:50 America/Guayaquil] Iniciando Aplicacion WEB
[12-Jan-2024 15:15:51 America/Guayaquil] Iniciando Aplicacion WEB
[12-Jan-2024 15:15:51 America/Guayaquil] Iniciando Aplicacion WEB
[15-Jan-2024 09:06:23 America/Guayaquil] Iniciando Aplicacion WEB
[15-Jan-2024 09:06:23 America/Guayaquil] Iniciando Aplicacion WEB
